This is pdfTeX, Version 3.14159265-2.6-1.40.19 (TeX Live 2018/W32TeX) (preloaded format=pdflatex 2018.8.16)  4 SEP 2018 18:43
entering extended mode
 restricted \write18 enabled.
 file:line:error style messages enabled.
 %&-line parsing enabled.
**"c:/Users/Admin/Google Drive/Uni/Relazione di tirocinio/tesi/tesi.tex"
(c:/Users/Admin/Google Drive/Uni/Relazione di tirocinio/tesi/tesi.tex
LaTeX2e <2018-04-01> patch level 5
(c:/texlive/2018/texmf-dist/tex/latex/base/book.cls
Document Class: book 2014/09/29 v1.4h Standard LaTeX document class
(c:/texlive/2018/texmf-dist/tex/latex/base/bk12.clo
File: bk12.clo 2014/09/29 v1.4h Standard LaTeX file (size option)
)
\c@part=\count80
\c@chapter=\count81
\c@section=\count82
\c@subsection=\count83
\c@subsubsection=\count84
\c@paragraph=\count85
\c@subparagraph=\count86
\c@figure=\count87
\c@table=\count88
\abovecaptionskip=\skip41
\belowcaptionskip=\skip42
\bibindent=\dimen102
)
(c:/texlive/2018/texmf-dist/tex/generic/babel/babel.sty
Package: babel 2018/06/05 3.22 The Babel package

(c:/texlive/2018/texmf-dist/tex/generic/babel/switch.def
File: switch.def 2018/06/05 3.22 Babel switching mechanism
)
(c:/texlive/2018/texmf-dist/tex/generic/babel-italian/italian.ldf
Language: italian 2015/03/26 v1.3n Italian support from the babel system

(c:/texlive/2018/texmf-dist/tex/generic/babel/babel.def
File: babel.def 2018/06/05 3.22 Babel common definitions
\babel@savecnt=\count89
\U@D=\dimen103

(c:/texlive/2018/texmf-dist/tex/generic/babel/txtbabel.def)
\bbl@dirlevel=\count90
)
\it@lettering=\count91
\it@doublequoteactive=\count92
\it@ISOcompliance=\count93
))
(c:/texlive/2018/texmf-dist/tex/latex/etoolbox/etoolbox.sty
Package: etoolbox 2018/02/11 v2.5e e-TeX tools for LaTeX (JAW)
\etb@tempcnta=\count94
)
(c:/texlive/2018/texmf-dist/tex/latex/graphics/graphicx.sty
Package: graphicx 2017/06/01 v1.1a Enhanced LaTeX Graphics (DPC,SPQR)

(c:/texlive/2018/texmf-dist/tex/latex/graphics/keyval.sty
Package: keyval 2014/10/28 v1.15 key=value parser (DPC)
\KV@toks@=\toks14
)
(c:/texlive/2018/texmf-dist/tex/latex/graphics/graphics.sty
Package: graphics 2017/06/25 v1.2c Standard LaTeX Graphics (DPC,SPQR)

(c:/texlive/2018/texmf-dist/tex/latex/graphics/trig.sty
Package: trig 2016/01/03 v1.10 sin cos tan (DPC)
)
(c:/texlive/2018/texmf-dist/tex/latex/graphics-cfg/graphics.cfg
File: graphics.cfg 2016/06/04 v1.11 sample graphics configuration
)
Package graphics Info: Driver file: pdftex.def on input line 99.

(c:/texlive/2018/texmf-dist/tex/latex/graphics-def/pdftex.def
File: pdftex.def 2018/01/08 v1.0l Graphics/color driver for pdftex
))
\Gin@req@height=\dimen104
\Gin@req@width=\dimen105
)
(c:/texlive/2018/texmf-dist/tex/latex/graphics/color.sty
Package: color 2016/07/10 v1.1e Standard LaTeX Color (DPC)

(c:/texlive/2018/texmf-dist/tex/latex/graphics-cfg/color.cfg
File: color.cfg 2016/01/02 v1.6 sample color configuration
)
Package color Info: Driver file: pdftex.def on input line 147.
)
(./solidity-highlighting.tex
(c:/texlive/2018/texmf-dist/tex/latex/listings/listings.sty
\lst@mode=\count95
\lst@gtempboxa=\box26
\lst@token=\toks15
\lst@length=\count96
\lst@currlwidth=\dimen106
\lst@column=\count97
\lst@pos=\count98
\lst@lostspace=\dimen107
\lst@width=\dimen108
\lst@newlines=\count99
\lst@lineno=\count100
\lst@maxwidth=\dimen109

(c:/texlive/2018/texmf-dist/tex/latex/listings/lstmisc.sty
File: lstmisc.sty 2015/06/04 1.6 (Carsten Heinz)
\c@lstnumber=\count101
\lst@skipnumbers=\count102
\lst@framebox=\box27
)
(c:/texlive/2018/texmf-dist/tex/latex/listings/listings.cfg
File: listings.cfg 2015/06/04 1.6 listings configuration
))
Package: listings 2015/06/04 1.6 (Carsten Heinz)

(c:/texlive/2018/texmf-dist/tex/latex/xcolor/xcolor.sty
Package: xcolor 2016/05/11 v2.12 LaTeX color extensions (UK)

(c:/texlive/2018/texmf-dist/tex/latex/graphics-cfg/color.cfg
File: color.cfg 2016/01/02 v1.6 sample color configuration
)
Package xcolor Info: Driver file: pdftex.def on input line 225.
LaTeX Info: Redefining \color on input line 709.
Package xcolor Info: Model `cmy' substituted by `cmy0' on input line 1348.
Package xcolor Info: Model `hsb' substituted by `rgb' on input line 1352.
Package xcolor Info: Model `RGB' extended on input line 1364.
Package xcolor Info: Model `HTML' substituted by `rgb' on input line 1366.
Package xcolor Info: Model `Hsb' substituted by `hsb' on input line 1367.
Package xcolor Info: Model `tHsb' substituted by `hsb' on input line 1368.
Package xcolor Info: Model `HSB' substituted by `hsb' on input line 1369.
Package xcolor Info: Model `Gray' substituted by `gray' on input line 1370.
Package xcolor Info: Model `wave' substituted by `hsb' on input line 1371.
))
(./javascript-highlighting.tex) (./tesi.aux)
\openout1 = `tesi.aux'.

LaTeX Font Info:    Checking defaults for OML/cmm/m/it on input line 16.
LaTeX Font Info:    ... okay on input line 16.
LaTeX Font Info:    Checking defaults for T1/cmr/m/n on input line 16.
LaTeX Font Info:    ... okay on input line 16.
LaTeX Font Info:    Checking defaults for OT1/cmr/m/n on input line 16.
LaTeX Font Info:    ... okay on input line 16.
LaTeX Font Info:    Checking defaults for OMS/cmsy/m/n on input line 16.
LaTeX Font Info:    ... okay on input line 16.
LaTeX Font Info:    Checking defaults for OMX/cmex/m/n on input line 16.
LaTeX Font Info:    ... okay on input line 16.
LaTeX Font Info:    Checking defaults for U/cmr/m/n on input line 16.
LaTeX Font Info:    ... okay on input line 16.
LaTeX Info: Redefining \it@ocap on input line 16.
LaTeX Info: Redefining \it@ccap on input line 16.


File italian.ldf warning: 
italian.ldf    With OT1 encoding guillemets are poorly faked
italian.ldf    Use T1 encoding
italian.ldf    or specify a font with command \CaporaliFrom
italian.ldf    See the documentation concerning the babel-italian typesetting 
italian.ldf    on input line 16.

(c:/texlive/2018/texmf-dist/tex/context/base/mkii/supp-pdf.mkii
[Loading MPS to PDF converter (version 2006.09.02).]
\scratchcounter=\count103
\scratchdimen=\dimen110
\scratchbox=\box28
\nofMPsegments=\count104
\nofMParguments=\count105
\everyMPshowfont=\toks16
\MPscratchCnt=\count106
\MPscratchDim=\dimen111
\MPnumerator=\count107
\makeMPintoPDFobject=\count108
\everyMPtoPDFconversion=\toks17
) (c:/texlive/2018/texmf-dist/tex/latex/oberdiek/epstopdf-base.sty
Package: epstopdf-base 2016/05/15 v2.6 Base part for package epstopdf

(c:/texlive/2018/texmf-dist/tex/generic/oberdiek/infwarerr.sty
Package: infwarerr 2016/05/16 v1.4 Providing info/warning/error messages (HO)
)
(c:/texlive/2018/texmf-dist/tex/latex/oberdiek/grfext.sty
Package: grfext 2016/05/16 v1.2 Manage graphics extensions (HO)

(c:/texlive/2018/texmf-dist/tex/generic/oberdiek/kvdefinekeys.sty
Package: kvdefinekeys 2016/05/16 v1.4 Define keys (HO)

(c:/texlive/2018/texmf-dist/tex/generic/oberdiek/ltxcmds.sty
Package: ltxcmds 2016/05/16 v1.23 LaTeX kernel commands for general use (HO)
)))
(c:/texlive/2018/texmf-dist/tex/latex/oberdiek/kvoptions.sty
Package: kvoptions 2016/05/16 v3.12 Key value format for package options (HO)

(c:/texlive/2018/texmf-dist/tex/generic/oberdiek/kvsetkeys.sty
Package: kvsetkeys 2016/05/16 v1.17 Key value parser (HO)

(c:/texlive/2018/texmf-dist/tex/generic/oberdiek/etexcmds.sty
Package: etexcmds 2016/05/16 v1.6 Avoid name clashes with e-TeX commands (HO)

(c:/texlive/2018/texmf-dist/tex/generic/oberdiek/ifluatex.sty
Package: ifluatex 2016/05/16 v1.4 Provides the ifluatex switch (HO)
Package ifluatex Info: LuaTeX not detected.
)
Package etexcmds Info: Could not find \expanded.
(etexcmds)             That can mean that you are not using pdfTeX 1.50 or
(etexcmds)             that some package has redefined \expanded.
(etexcmds)             In the latter case, load this package earlier.
)))
(c:/texlive/2018/texmf-dist/tex/generic/oberdiek/pdftexcmds.sty
Package: pdftexcmds 2018/01/30 v0.27 Utility functions of pdfTeX for LuaTeX (HO
)

(c:/texlive/2018/texmf-dist/tex/generic/oberdiek/ifpdf.sty
Package: ifpdf 2017/03/15 v3.2 Provides the ifpdf switch
)
Package pdftexcmds Info: LuaTeX not detected.
Package pdftexcmds Info: \pdf@primitive is available.
Package pdftexcmds Info: \pdf@ifprimitive is available.
Package pdftexcmds Info: \pdfdraftmode found.
)
Package epstopdf-base Info: Redefining graphics rule for `.eps' on input line 4
38.
Package grfext Info: Graphics extension search list:
(grfext)             [.pdf,.png,.jpg,.mps,.jpeg,.jbig2,.jb2,.PDF,.PNG,.JPG,.JPE
G,.JBIG2,.JB2,.eps]
(grfext)             \AppendGraphicsExtensions on input line 456.

(c:/texlive/2018/texmf-dist/tex/latex/latexconfig/epstopdf-sys.cfg
File: epstopdf-sys.cfg 2010/07/13 v1.3 Configuration of (r)epstopdf for TeX Liv
e
))
\c@lstlisting=\count109
\openout2 = `frontespizio.aux'.


(./frontespizio.tex
Package epstopdf Info: Source file: <./images/universita.eps>
(epstopdf)                    date: 2018-09-03 16:10:50
(epstopdf)                    size: 590174 bytes
(epstopdf)             Output file: <./images/universita-eps-converted-to.pdf>
(epstopdf)                    date: 2018-09-03 17:46:56
(epstopdf)                    size: 87610 bytes
(epstopdf)             Command: <repstopdf --outfile=./images/universita-eps-co
nverted-to.pdf ./images/universita.eps>
(epstopdf)             \includegraphics on input line 17.
Package epstopdf Info: Output file is already uptodate.
<./images/universita-eps-converted-to.pdf, id=1, 310.15875pt x 310.15875pt>
File: ./images/universita-eps-converted-to.pdf Graphic file (type pdf)
<use ./images/universita-eps-converted-to.pdf>
Package pdftex.def Info: ./images/universita-eps-converted-to.pdf  used on inpu
t line 17.
(pdftex.def)             Requested size: 155.079pt x 155.079pt.
LaTeX Font Info:    External font `cmex10' loaded for size
(Font)              <12> on input line 28.
LaTeX Font Info:    External font `cmex10' loaded for size
(Font)              <8> on input line 28.
LaTeX Font Info:    External font `cmex10' loaded for size
(Font)              <6> on input line 28.
) [0


{c:/texlive/2018/texmf-var/fonts/map/pdftex/updmap/pdftex.map} <./images/univer
sita-eps-converted-to.pdf>] (./tesi.toc)
\tf@toc=\write3
\openout3 = `tesi.toc'.

 [1


]
\openout2 = `introduzione.aux'.


(./introduzione.tex [2


]
Capitolo 1.
[3]
Underfull \vbox (badness 10000) has occurred while \output is active []

 [4]
Underfull \vbox (badness 10000) has occurred while \output is active []

 [5]
<./images/blockchain.png, id=30, 466.74374pt x 186.6975pt>
File: ./images/blockchain.png Graphic file (type png)
<use ./images/blockchain.png>
Package pdftex.def Info: ./images/blockchain.png  used on input line 78.
(pdftex.def)             Requested size: 390.0pt x 156.00722pt.
LaTeX Font Info:    Try loading font information for OMS+cmr on input line 87.

(c:/texlive/2018/texmf-dist/tex/latex/base/omscmr.fd
File: omscmr.fd 2014/09/29 v2.5h Standard LaTeX font definitions
)
LaTeX Font Info:    Font shape `OMS/cmr/m/n' in size <12> not available
(Font)              Font shape `OMS/cmsy/m/n' tried instead on input line 87.
 [6 <./images/blockchain.png>]
Overfull \hbox (129.92981pt too wide) has occurred while \output is active
\OT1/cmr/m/sl/12 1.3.  DESCRIZIONE DELLA TECNOLOGIA E MOTIVAZIONE DELLA SCELTA 
DI ETHEREUM \OT1/cmr/m/n/12 7
 []

[7]
<./images/diagrammaarchitettura.jpg, id=40, 639.89063pt x 443.40656pt>
File: ./images/diagrammaarchitettura.jpg Graphic file (type jpg)
<use ./images/diagrammaarchitettura.jpg>
Package pdftex.def Info: ./images/diagrammaarchitettura.jpg  used on input line
 133.
(pdftex.def)             Requested size: 390.0pt x 270.24756pt.
 [8 <./images/diagrammaarchitettura.jpg>]
<./images/soluzionetecnologica.png, id=44, 1027.58907pt x 473.51906pt>
File: ./images/soluzionetecnologica.png Graphic file (type png)
<use ./images/soluzionetecnologica.png>
Package pdftex.def Info: ./images/soluzionetecnologica.png  used on input line 
159.
(pdftex.def)             Requested size: 390.0pt x 179.71512pt.
 [9 <./images/soluzionetecnologica.png>]) [10]
\openout2 = `identitadigitale.aux'.

 (./identitadigitale.tex
Capitolo 2.
[11



]
<./images/civic.png, id=56, 400.49625pt x 204.01219pt>
File: ./images/civic.png Graphic file (type png)
<use ./images/civic.png>
Package pdftex.def Info: ./images/civic.png  used on input line 51.
(pdftex.def)             Requested size: 200.24763pt x 102.00584pt.
 [12 <./images/civic.PNG>]
<./images/selfkey.png, id=62, 448.67625pt x 354.57469pt>
File: ./images/selfkey.png Graphic file (type png)
<use ./images/selfkey.png>
Package pdftex.def Info: ./images/selfkey.png  used on input line 67.
(pdftex.def)             Requested size: 224.33757pt x 177.28691pt.

Overfull \hbox (4.80437pt too wide) has occurred while \output is active
\OT1/cmr/m/sl/12 2.3.  DESCRIZIONE DELLA TECNOLOGIA SCELTA E MOTIVAZIONE \OT1/c
mr/m/n/12 13
 []

[13 <./images/selfkey.png>]
LaTeX Font Info:    Font shape `OT1/cmtt/bx/n' in size <10> not available
(Font)              Font shape `OT1/cmtt/m/n' tried instead on input line 96.
 [14]
Overfull \hbox (4.80437pt too wide) has occurred while \output is active
\OT1/cmr/m/sl/12 2.3.  DESCRIZIONE DELLA TECNOLOGIA SCELTA E MOTIVAZIONE \OT1/c
mr/m/n/12 15
 []

[15]
Underfull \vbox (badness 10000) has occurred while \output is active []

 [16]
Underfull \vbox (badness 10000) has occurred while \output is active []


Overfull \hbox (4.80437pt too wide) has occurred while \output is active
\OT1/cmr/m/sl/12 2.3.  DESCRIZIONE DELLA TECNOLOGIA SCELTA E MOTIVAZIONE \OT1/c
mr/m/n/12 17
 []

[17]
Underfull \vbox (badness 10000) has occurred while \output is active []

 [18]
Underfull \vbox (badness 10000) has occurred while \output is active []


Overfull \hbox (4.80437pt too wide) has occurred while \output is active
\OT1/cmr/m/sl/12 2.3.  DESCRIZIONE DELLA TECNOLOGIA SCELTA E MOTIVAZIONE \OT1/c
mr/m/n/12 19
 []

[19] [20]
Overfull \hbox (4.80437pt too wide) has occurred while \output is active
\OT1/cmr/m/sl/12 2.3.  DESCRIZIONE DELLA TECNOLOGIA SCELTA E MOTIVAZIONE \OT1/c
mr/m/n/12 21
 []

[21]
Underfull \vbox (badness 10000) has occurred while \output is active []

 [22]
Overfull \hbox (4.80437pt too wide) has occurred while \output is active
\OT1/cmr/m/sl/12 2.3.  DESCRIZIONE DELLA TECNOLOGIA SCELTA E MOTIVAZIONE \OT1/c
mr/m/n/12 23
 []

[23]
<./images/selectivedisclosure.png, id=99, 406.51875pt x 288.3272pt>
File: ./images/selectivedisclosure.png Graphic file (type png)
<use ./images/selectivedisclosure.png>
Package pdftex.def Info: ./images/selectivedisclosure.png  used on input line 4
67.
(pdftex.def)             Requested size: 325.21542pt x 230.66205pt.
<./images/verifiedclaim.png, id=100, 264.23718pt x 255.95625pt>
File: ./images/verifiedclaim.png Graphic file (type png)
<use ./images/verifiedclaim.png>
Package pdftex.def Info: ./images/verifiedclaim.png  used on input line 485.
(pdftex.def)             Requested size: 264.23653pt x 255.95561pt.

Underfull \vbox (badness 10000) has occurred while \output is active []

 [24 <./images/selectivedisclosure.png>]
<./images/adddeclarations.png, id=105, 1027.58907pt x 562.35094pt>
File: ./images/adddeclarations.png Graphic file (type png)
<use ./images/adddeclarations.png>
Package pdftex.def Info: ./images/adddeclarations.png  used on input line 509.
(pdftex.def)             Requested size: 390.0pt x 213.42957pt.

Underfull \vbox (badness 2828) has occurred while \output is active []

 [25 <./images/verifiedclaim.png>] [26 <./images/adddeclarations.png>]
Underfull \vbox (badness 10000) has occurred while \output is active []

 [27]
<./images/createidentities.png, id=116, 1027.58907pt x 562.35094pt>
File: ./images/createidentities.png Graphic file (type png)
<use ./images/createidentities.png>
Package pdftex.def Info: ./images/createidentities.png  used on input line 600.

(pdftex.def)             Requested size: 390.0pt x 213.42957pt.

[28 <./images/createidentities.png>] [29] [30] [31]
Underfull \vbox (badness 10000) has occurred while \output is active []

 [32]
Underfull \vbox (badness 10000) has occurred while \output is active []

 [33]
[34]
Underfull \vbox (badness 10000) has occurred while \output is active []

 [35])
[36]
\openout2 = `conclusioni.aux'.

 (./conclusioni.tex
Capitolo 3.
[37



] [38]) [39] (./tesi.aux (./frontespizio.aux) (./introduzione.aux)
(./identitadigitale.aux) (./conclusioni.aux))

LaTeX Warning: Label(s) may have changed. Rerun to get cross-references right.

 ) 
Here is how much of TeX's memory you used:
 5076 strings out of 494535
 67733 string characters out of 6176504
 280417 words of memory out of 5000000
 8624 multiletter control sequences out of 15000+600000
 10138 words of font info for 36 fonts, out of 8000000 for 9000
 36 hyphenation exceptions out of 8191
 41i,7n,40p,1094b,1834s stack positions out of 5000i,500n,10000p,200000b,80000s
<c:/texlive/2018/texmf-dist/fonts/type1/public/amsfonts/cm/cmbx12.pfb><c:/tex
live/2018/texmf-dist/fonts/type1/public/amsfonts/cm/cmcsc10.pfb><c:/texlive/201
8/texmf-dist/fonts/type1/public/amsfonts/cm/cmr10.pfb><c:/texlive/2018/texmf-di
st/fonts/type1/public/amsfonts/cm/cmr12.pfb><c:/texlive/2018/texmf-dist/fonts/t
ype1/public/amsfonts/cm/cmsl12.pfb><c:/texlive/2018/texmf-dist/fonts/type1/publ
ic/amsfonts/cm/cmsy10.pfb><c:/texlive/2018/texmf-dist/fonts/type1/public/amsfon
ts/cm/cmti12.pfb><c:/texlive/2018/texmf-dist/fonts/type1/public/amsfonts/cm/cmt
t10.pfb><c:/texlive/2018/texmf-dist/fonts/type1/public/amsfonts/cm/cmtt12.pfb>
Output written on tesi.pdf (40 pages, 809662 bytes).
PDF statistics:
 190 PDF objects out of 1000 (max. 8388607)
 122 compressed objects within 2 object streams
 0 named destinations out of 1000 (max. 500000)
 51 words of extra memory for PDF output out of 10000 (max. 10000000)

000)

